


ARM Macro Assembler    Page 1 


    1 00000000         ;*******************************************************
                       ********************************************************
                       ***************************
    2 00000000         ; 文件名称: startup_SWM181.s
    3 00000000         ; 功能说明: SWM181单片机的启动文件
    4 00000000         ; 技术支持: http://www.synwit.com.cn/e/tool/gbook/?bid=1
                       
    5 00000000         ; 注意事项:
    6 00000000         ; 版本日期: V1.0.0  2016年1月30日
    7 00000000         ; 升级记录:
    8 00000000         ;
    9 00000000         ;
   10 00000000         ;*******************************************************
                       ********************************************************
                       ***************************
   11 00000000         ; @attention
   12 00000000         ;
   13 00000000         ; THE PRESENT FIRMWARE WHICH IS FOR GUIDANCE ONLY AIMS A
                       T PROVIDING CUSTOMERS WITH CODING INFORMATION
   14 00000000         ; REGARDING THEIR PRODUCTS IN ORDER FOR THEM TO SAVE TIM
                       E. AS A RESULT, SYNWIT SHALL NOT BE HELD LIABLE
   15 00000000         ; FOR ANY DIRECT, INDIRECT OR CONSEQUENTIAL DAMAGES WITH
                        RESPECT TO ANY CLAIMS ARISING FROM THE CONTENT
   16 00000000         ; OF SUCH FIRMWARE AND/OR THE USE MADE BY CUSTOMERS OF T
                       HE CODING INFORMATION CONTAINED HEREIN IN CONN-
   17 00000000         ; -ECTION WITH THEIR PRODUCTS.
   18 00000000         ;
   19 00000000         ; COPYRIGHT 2012 Synwit Technology
   20 00000000         ;*******************************************************
                       ********************************************************
                       ***************************
   21 00000000         
   22 00000000         
   23 00000000         ; Sram Switch Configuration
   24 00000000         ;    Code Size   Sram Size
   25 00000000         ; 0  16k    16k    Cache使能，程序存储器240K
   26 00000000         ; 1  8k    24k    Cache使能，程序存储器240K
   27 00000000         ; 3  24k      8k
   28 00000000         
   29 00000000 00000000 
                       SRAM_SWITCH
                               EQU              0           ;
   30 00000000         
   31 00000000         
   32 00000000         ; <h> Stack Configuration
   33 00000000         ;   <o> Stack Size (in Bytes) <0x0-0xFFFFFFFF:8>
   34 00000000         ; </h>
   35 00000000         
   36 00000000 00000400 
                       Stack_Size
                               EQU              0x400       ;
   37 00000000         
   38 00000000                 AREA             STACK, NOINIT, READWRITE, ALIGN
=3
   39 00000000         Stack_Mem
                               SPACE            Stack_Size
   40 00000400         __initial_sp
   41 00000400         
   42 00000400         



ARM Macro Assembler    Page 2 


   43 00000400         ; <h> Heap Configuration
   44 00000400         ;   <o>  Heap Size (in Bytes) <0x0-0xFFFFFFFF:8>
   45 00000400         ; </h>
   46 00000400         
   47 00000400 00001000 
                       Heap_Size
                               EQU              0x1000      ;
   48 00000400         
   49 00000400                 AREA             HEAP, NOINIT, READWRITE, ALIGN=
3
   50 00000000         __heap_base
   51 00000000         Heap_Mem
                               SPACE            Heap_Size
   52 00001000         __heap_limit
   53 00001000         
   54 00001000         
   55 00001000                 PRESERVE8
   56 00001000                 THUMB
   57 00001000         
   58 00001000         ; Vector Table Mapped to Address 0 at Reset
   59 00001000         
   60 00001000                 AREA             RESET, DATA, READONLY
   61 00000000                 EXPORT           __Vectors
   62 00000000                 EXPORT           __Vectors_End
   63 00000000                 EXPORT           __Vectors_Size
   64 00000000         
   65 00000000 00000400 
                       __Vectors
                               DCD              Stack_Mem + Stack_Size 
                                                            ; Top of Stack
   66 00000004 00000000        DCD              Reset_Handler ; Reset Handler
   67 00000008 00000000        DCD              NMI_Handler ; NMI Handler
   68 0000000C 00000000        DCD              HardFault_Handler ; Hard Fault 
                                                            Handler
   69 00000010 00000000        DCD              0
   70 00000014 00000000        DCD              0
   71 00000018 00000000        DCD              0
   72 0000001C 00000000        DCD              0
   73 00000020 0B11FFAC        DCD              0x0B11FFAC
   74 00000024 00006000        DCD              0x6000
   75 00000028 00000000        DCD              SRAM_SWITCH
   76 0000002C 00000000        DCD              SVC_Handler ; SVCall Handler
   77 00000030 00000000        DCD              0
   78 00000034 00000000        DCD              0
   79 00000038 00000000        DCD              PendSV_Handler ; PendSV Handler
                                                            
   80 0000003C 00000000        DCD              SysTick_Handler 
                                                            ; SysTick Handler
   81 00000040         
   82 00000040         ; External Interrupts
   83 00000040 00000000        DCD              IRQ0_Handler
   84 00000044 00000000        DCD              IRQ1_Handler
   85 00000048 00000000        DCD              IRQ2_Handler
   86 0000004C 00000000        DCD              IRQ3_Handler
   87 00000050 00000000        DCD              IRQ4_Handler
   88 00000054 00000000        DCD              IRQ5_Handler
   89 00000058 00000000        DCD              IRQ6_Handler
   90 0000005C 00000000        DCD              IRQ7_Handler
   91 00000060 00000000        DCD              IRQ8_Handler



ARM Macro Assembler    Page 3 


   92 00000064 00000000        DCD              IRQ9_Handler
   93 00000068 00000000        DCD              IRQ10_Handler
   94 0000006C 00000000        DCD              IRQ11_Handler
   95 00000070 00000000        DCD              IRQ12_Handler
   96 00000074 00000000        DCD              IRQ13_Handler
   97 00000078 00000000        DCD              IRQ14_Handler
   98 0000007C 00000000        DCD              IRQ15_Handler
   99 00000080 00000000        DCD              IRQ16_Handler
  100 00000084 00000000        DCD              IRQ17_Handler
  101 00000088 00000000        DCD              IRQ18_Handler
  102 0000008C 00000000        DCD              IRQ19_Handler
  103 00000090 00000000        DCD              IRQ20_Handler
  104 00000094 00000000        DCD              IRQ21_Handler
  105 00000098 00000000        DCD              IRQ22_Handler
  106 0000009C 00000000        DCD              IRQ23_Handler
  107 000000A0 00000000        DCD              IRQ24_Handler
  108 000000A4 00000000        DCD              IRQ25_Handler
  109 000000A8 00000000        DCD              IRQ26_Handler
  110 000000AC 00000000        DCD              IRQ27_Handler
  111 000000B0 00000000        DCD              IRQ28_Handler
  112 000000B4 00000000        DCD              IRQ29_Handler
  113 000000B8 00000000        DCD              IRQ30_Handler
  114 000000BC 00000000        DCD              IRQ31_Handler
  115 000000C0         
  116 000000C0         __Vectors_End
  117 000000C0         
  118 000000C0 000000C0 
                       __Vectors_Size
                               EQU              __Vectors_End - __Vectors
  119 000000C0         
  120 000000C0         
  121 000000C0         
  122 000000C0                 AREA             |.text|, CODE, READONLY
  123 00000000         
  124 00000000         Reset_Handler
                               PROC
  125 00000000                 EXPORT           Reset_Handler   [WEAK]
  126 00000000                 IMPORT           __main
  127 00000000         
  128 00000000 4814            LDR              R0, =__main
  129 00000002 4700            BX               R0
  130 00000004                 ENDP
  131 00000004         
  132 00000004         
  133 00000004         ; Dummy Exception Handlers (infinite loops which can be 
                       modified)
  134 00000004         
  135 00000004         NMI_Handler
                               PROC
  136 00000004                 EXPORT           NMI_Handler    [WEAK]
  137 00000004 E7FE            B                .
  138 00000006                 ENDP
  139 00000006         
  140 00000006         HardFault_Handler
                               PROC
  141 00000006                 EXPORT           HardFault_Handler  [WEAK]
  142 00000006 E7FE            B                .
  143 00000008                 ENDP
  144 00000008         



ARM Macro Assembler    Page 4 


  145 00000008         SVC_Handler
                               PROC
  146 00000008                 EXPORT           SVC_Handler       [WEAK]
  147 00000008 E7FE            B                .
  148 0000000A                 ENDP
  149 0000000A         
  150 0000000A         PendSV_Handler
                               PROC
  151 0000000A                 EXPORT           PendSV_Handler   [WEAK]
  152 0000000A E7FE            B                .
  153 0000000C                 ENDP
  154 0000000C         
  155 0000000C         SysTick_Handler
                               PROC
  156 0000000C                 EXPORT           SysTick_Handler      [WEAK]
  157 0000000C E7FE            B                .
  158 0000000E                 ENDP
  159 0000000E         
  160 0000000E         IRQ0_Handler
                               PROC
  161 0000000E                 EXPORT           IRQ0_Handler      [WEAK]
  162 0000000E E7FE            B                .
  163 00000010                 ENDP
  164 00000010         
  165 00000010         IRQ1_Handler
                               PROC
  166 00000010                 EXPORT           IRQ1_Handler      [WEAK]
  167 00000010 E7FE            B                .
  168 00000012                 ENDP
  169 00000012         
  170 00000012         IRQ2_Handler
                               PROC
  171 00000012                 EXPORT           IRQ2_Handler      [WEAK]
  172 00000012 E7FE            B                .
  173 00000014                 ENDP
  174 00000014         
  175 00000014         IRQ3_Handler
                               PROC
  176 00000014                 EXPORT           IRQ3_Handler      [WEAK]
  177 00000014 E7FE            B                .
  178 00000016                 ENDP
  179 00000016         
  180 00000016         IRQ4_Handler
                               PROC
  181 00000016                 EXPORT           IRQ4_Handler      [WEAK]
  182 00000016 E7FE            B                .
  183 00000018                 ENDP
  184 00000018         
  185 00000018         IRQ5_Handler
                               PROC
  186 00000018                 EXPORT           IRQ5_Handler      [WEAK]
  187 00000018 E7FE            B                .
  188 0000001A                 ENDP
  189 0000001A         
  190 0000001A         IRQ6_Handler
                               PROC
  191 0000001A                 EXPORT           IRQ6_Handler      [WEAK]
  192 0000001A E7FE            B                .
  193 0000001C                 ENDP



ARM Macro Assembler    Page 5 


  194 0000001C         
  195 0000001C         IRQ7_Handler
                               PROC
  196 0000001C                 EXPORT           IRQ7_Handler      [WEAK]
  197 0000001C E7FE            B                .
  198 0000001E                 ENDP
  199 0000001E         
  200 0000001E         IRQ8_Handler
                               PROC
  201 0000001E                 EXPORT           IRQ8_Handler      [WEAK]
  202 0000001E E7FE            B                .
  203 00000020                 ENDP
  204 00000020         
  205 00000020         IRQ9_Handler
                               PROC
  206 00000020                 EXPORT           IRQ9_Handler      [WEAK]
  207 00000020 E7FE            B                .
  208 00000022                 ENDP
  209 00000022         
  210 00000022         IRQ10_Handler
                               PROC
  211 00000022                 EXPORT           IRQ10_Handler     [WEAK]
  212 00000022 E7FE            B                .
  213 00000024                 ENDP
  214 00000024         
  215 00000024         IRQ11_Handler
                               PROC
  216 00000024                 EXPORT           IRQ11_Handler     [WEAK]
  217 00000024 E7FE            B                .
  218 00000026                 ENDP
  219 00000026         
  220 00000026         IRQ12_Handler
                               PROC
  221 00000026                 EXPORT           IRQ12_Handler     [WEAK]
  222 00000026 E7FE            B                .
  223 00000028                 ENDP
  224 00000028         
  225 00000028         IRQ13_Handler
                               PROC
  226 00000028                 EXPORT           IRQ13_Handler     [WEAK]
  227 00000028 E7FE            B                .
  228 0000002A                 ENDP
  229 0000002A         
  230 0000002A         IRQ14_Handler
                               PROC
  231 0000002A                 EXPORT           IRQ14_Handler     [WEAK]
  232 0000002A E7FE            B                .
  233 0000002C                 ENDP
  234 0000002C         
  235 0000002C         IRQ15_Handler
                               PROC
  236 0000002C                 EXPORT           IRQ15_Handler     [WEAK]
  237 0000002C E7FE            B                .
  238 0000002E                 ENDP
  239 0000002E         
  240 0000002E         IRQ16_Handler
                               PROC
  241 0000002E                 EXPORT           IRQ16_Handler     [WEAK]
  242 0000002E E7FE            B                .



ARM Macro Assembler    Page 6 


  243 00000030                 ENDP
  244 00000030         
  245 00000030         IRQ17_Handler
                               PROC
  246 00000030                 EXPORT           IRQ17_Handler      [WEAK]
  247 00000030 E7FE            B                .
  248 00000032                 ENDP
  249 00000032         
  250 00000032         IRQ18_Handler
                               PROC
  251 00000032                 EXPORT           IRQ18_Handler      [WEAK]
  252 00000032 E7FE            B                .
  253 00000034                 ENDP
  254 00000034         
  255 00000034         IRQ19_Handler
                               PROC
  256 00000034                 EXPORT           IRQ19_Handler      [WEAK]
  257 00000034 E7FE            B                .
  258 00000036                 ENDP
  259 00000036         
  260 00000036         IRQ20_Handler
                               PROC
  261 00000036                 EXPORT           IRQ20_Handler      [WEAK]
  262 00000036 E7FE            B                .
  263 00000038                 ENDP
  264 00000038         
  265 00000038         IRQ21_Handler
                               PROC
  266 00000038                 EXPORT           IRQ21_Handler      [WEAK]
  267 00000038 E7FE            B                .
  268 0000003A                 ENDP
  269 0000003A         
  270 0000003A         IRQ22_Handler
                               PROC
  271 0000003A                 EXPORT           IRQ22_Handler      [WEAK]
  272 0000003A E7FE            B                .
  273 0000003C                 ENDP
  274 0000003C         
  275 0000003C         IRQ23_Handler
                               PROC
  276 0000003C                 EXPORT           IRQ23_Handler      [WEAK]
  277 0000003C E7FE            B                .
  278 0000003E                 ENDP
  279 0000003E         
  280 0000003E         IRQ24_Handler
                               PROC
  281 0000003E                 EXPORT           IRQ24_Handler      [WEAK]
  282 0000003E E7FE            B                .
  283 00000040                 ENDP
  284 00000040         
  285 00000040         IRQ25_Handler
                               PROC
  286 00000040                 EXPORT           IRQ25_Handler      [WEAK]
  287 00000040 E7FE            B                .
  288 00000042                 ENDP
  289 00000042         
  290 00000042         IRQ26_Handler
                               PROC
  291 00000042                 EXPORT           IRQ26_Handler      [WEAK]



ARM Macro Assembler    Page 7 


  292 00000042 E7FE            B                .
  293 00000044                 ENDP
  294 00000044         
  295 00000044         IRQ27_Handler
                               PROC
  296 00000044                 EXPORT           IRQ27_Handler      [WEAK]
  297 00000044 E7FE            B                .
  298 00000046                 ENDP
  299 00000046 00 00           ALIGN
  300 00000048         
  301 00000048         IRQ28_Handler
                               PROC
  302 00000048                 EXPORT           IRQ28_Handler      [WEAK]
  303 00000048 E7FE            B                .
  304 0000004A                 ENDP
  305 0000004A 00 00           ALIGN
  306 0000004C         
  307 0000004C         IRQ29_Handler
                               PROC
  308 0000004C                 EXPORT           IRQ29_Handler      [WEAK]
  309 0000004C E7FE            B                .
  310 0000004E                 ENDP
  311 0000004E         IRQ30_Handler
                               PROC
  312 0000004E                 EXPORT           IRQ30_Handler      [WEAK]
  313 0000004E E7FE            B                .
  314 00000050                 ENDP
  315 00000050         
  316 00000050         IRQ31_Handler
                               PROC
  317 00000050                 EXPORT           IRQ31_Handler      [WEAK]
  318 00000050 E7FE            B                .
  319 00000052                 ENDP
  320 00000052 00 00           ALIGN
  321 00000054         
  322 00000054         
  323 00000054         
  324 00000054         ; User Initial Stack & Heap
  325 00000054         
  326 00000054                 IF               :DEF:__MICROLIB
  327 00000054         
  328 00000054                 EXPORT           __initial_sp
  329 00000054                 EXPORT           __heap_base
  330 00000054                 EXPORT           __heap_limit
  331 00000054         
  332 00000054                 ELSE
  346                          ENDIF
  347 00000054         
  348 00000054         
  349 00000054                 END
              00000000 
Command Line: --debug --xref --diag_suppress=9931 --cpu=Cortex-M0 --apcs=interw
ork --depend=.\objects\startup_swm181.d -o.\objects\startup_swm181.o -I.\RTE\_T
emplate -I"D:\Program Files (x86)\MDK\Arm\Packs\Synwit\SWM32_DFP\1.20.4\CSL\SWM
181\CMSIS\DeviceSupport" -I"D:\Program Files (x86)\MDK\ARM\CMSIS\Include" --pre
define="__MICROLIB SETA 1" --predefine="__UVISION_VERSION SETA 529" --list=.\li
stings\startup_swm181.lst ..\LL_Driver\Startup\startup_SWM181.s



ARM Macro Assembler    Page 1 Alphabetic symbol ordering
Relocatable symbols

STACK 00000000

Symbol: STACK
   Definitions
      At line 38 in file ..\LL_Driver\Startup\startup_SWM181.s
   Uses
      None
Comment: STACK unused
Stack_Mem 00000000

Symbol: Stack_Mem
   Definitions
      At line 39 in file ..\LL_Driver\Startup\startup_SWM181.s
   Uses
      At line 65 in file ..\LL_Driver\Startup\startup_SWM181.s
Comment: Stack_Mem used once
__initial_sp 00000400

Symbol: __initial_sp
   Definitions
      At line 40 in file ..\LL_Driver\Startup\startup_SWM181.s
   Uses
      At line 328 in file ..\LL_Driver\Startup\startup_SWM181.s
Comment: __initial_sp used once
3 symbols



ARM Macro Assembler    Page 1 Alphabetic symbol ordering
Relocatable symbols

HEAP 00000000

Symbol: HEAP
   Definitions
      At line 49 in file ..\LL_Driver\Startup\startup_SWM181.s
   Uses
      None
Comment: HEAP unused
Heap_Mem 00000000

Symbol: Heap_Mem
   Definitions
      At line 51 in file ..\LL_Driver\Startup\startup_SWM181.s
   Uses
      None
Comment: Heap_Mem unused
__heap_base 00000000

Symbol: __heap_base
   Definitions
      At line 50 in file ..\LL_Driver\Startup\startup_SWM181.s
   Uses
      At line 329 in file ..\LL_Driver\Startup\startup_SWM181.s
Comment: __heap_base used once
__heap_limit 00001000

Symbol: __heap_limit
   Definitions
      At line 52 in file ..\LL_Driver\Startup\startup_SWM181.s
   Uses
      At line 330 in file ..\LL_Driver\Startup\startup_SWM181.s
Comment: __heap_limit used once
4 symbols



ARM Macro Assembler    Page 1 Alphabetic symbol ordering
Relocatable symbols

RESET 00000000

Symbol: RESET
   Definitions
      At line 60 in file ..\LL_Driver\Startup\startup_SWM181.s
   Uses
      None
Comment: RESET unused
__Vectors 00000000

Symbol: __Vectors
   Definitions
      At line 65 in file ..\LL_Driver\Startup\startup_SWM181.s
   Uses
      At line 61 in file ..\LL_Driver\Startup\startup_SWM181.s
      At line 118 in file ..\LL_Driver\Startup\startup_SWM181.s

__Vectors_End 000000C0

Symbol: __Vectors_End
   Definitions
      At line 116 in file ..\LL_Driver\Startup\startup_SWM181.s
   Uses
      At line 62 in file ..\LL_Driver\Startup\startup_SWM181.s
      At line 118 in file ..\LL_Driver\Startup\startup_SWM181.s

3 symbols



ARM Macro Assembler    Page 1 Alphabetic symbol ordering
Relocatable symbols

.text 00000000

Symbol: .text
   Definitions
      At line 122 in file ..\LL_Driver\Startup\startup_SWM181.s
   Uses
      None
Comment: .text unused
HardFault_Handler 00000006

Symbol: HardFault_Handler
   Definitions
      At line 140 in file ..\LL_Driver\Startup\startup_SWM181.s
   Uses
      At line 68 in file ..\LL_Driver\Startup\startup_SWM181.s
      At line 141 in file ..\LL_Driver\Startup\startup_SWM181.s

IRQ0_Handler 0000000E

Symbol: IRQ0_Handler
   Definitions
      At line 160 in file ..\LL_Driver\Startup\startup_SWM181.s
   Uses
      At line 83 in file ..\LL_Driver\Startup\startup_SWM181.s
      At line 161 in file ..\LL_Driver\Startup\startup_SWM181.s

IRQ10_Handler 00000022

Symbol: IRQ10_Handler
   Definitions
      At line 210 in file ..\LL_Driver\Startup\startup_SWM181.s
   Uses
      At line 93 in file ..\LL_Driver\Startup\startup_SWM181.s
      At line 211 in file ..\LL_Driver\Startup\startup_SWM181.s

IRQ11_Handler 00000024

Symbol: IRQ11_Handler
   Definitions
      At line 215 in file ..\LL_Driver\Startup\startup_SWM181.s
   Uses
      At line 94 in file ..\LL_Driver\Startup\startup_SWM181.s
      At line 216 in file ..\LL_Driver\Startup\startup_SWM181.s

IRQ12_Handler 00000026

Symbol: IRQ12_Handler
   Definitions
      At line 220 in file ..\LL_Driver\Startup\startup_SWM181.s
   Uses
      At line 95 in file ..\LL_Driver\Startup\startup_SWM181.s
      At line 221 in file ..\LL_Driver\Startup\startup_SWM181.s

IRQ13_Handler 00000028

Symbol: IRQ13_Handler
   Definitions
      At line 225 in file ..\LL_Driver\Startup\startup_SWM181.s
   Uses



ARM Macro Assembler    Page 2 Alphabetic symbol ordering
Relocatable symbols

      At line 96 in file ..\LL_Driver\Startup\startup_SWM181.s
      At line 226 in file ..\LL_Driver\Startup\startup_SWM181.s

IRQ14_Handler 0000002A

Symbol: IRQ14_Handler
   Definitions
      At line 230 in file ..\LL_Driver\Startup\startup_SWM181.s
   Uses
      At line 97 in file ..\LL_Driver\Startup\startup_SWM181.s
      At line 231 in file ..\LL_Driver\Startup\startup_SWM181.s

IRQ15_Handler 0000002C

Symbol: IRQ15_Handler
   Definitions
      At line 235 in file ..\LL_Driver\Startup\startup_SWM181.s
   Uses
      At line 98 in file ..\LL_Driver\Startup\startup_SWM181.s
      At line 236 in file ..\LL_Driver\Startup\startup_SWM181.s

IRQ16_Handler 0000002E

Symbol: IRQ16_Handler
   Definitions
      At line 240 in file ..\LL_Driver\Startup\startup_SWM181.s
   Uses
      At line 99 in file ..\LL_Driver\Startup\startup_SWM181.s
      At line 241 in file ..\LL_Driver\Startup\startup_SWM181.s

IRQ17_Handler 00000030

Symbol: IRQ17_Handler
   Definitions
      At line 245 in file ..\LL_Driver\Startup\startup_SWM181.s
   Uses
      At line 100 in file ..\LL_Driver\Startup\startup_SWM181.s
      At line 246 in file ..\LL_Driver\Startup\startup_SWM181.s

IRQ18_Handler 00000032

Symbol: IRQ18_Handler
   Definitions
      At line 250 in file ..\LL_Driver\Startup\startup_SWM181.s
   Uses
      At line 101 in file ..\LL_Driver\Startup\startup_SWM181.s
      At line 251 in file ..\LL_Driver\Startup\startup_SWM181.s

IRQ19_Handler 00000034

Symbol: IRQ19_Handler
   Definitions
      At line 255 in file ..\LL_Driver\Startup\startup_SWM181.s
   Uses
      At line 102 in file ..\LL_Driver\Startup\startup_SWM181.s
      At line 256 in file ..\LL_Driver\Startup\startup_SWM181.s

IRQ1_Handler 00000010




ARM Macro Assembler    Page 3 Alphabetic symbol ordering
Relocatable symbols

Symbol: IRQ1_Handler
   Definitions
      At line 165 in file ..\LL_Driver\Startup\startup_SWM181.s
   Uses
      At line 84 in file ..\LL_Driver\Startup\startup_SWM181.s
      At line 166 in file ..\LL_Driver\Startup\startup_SWM181.s

IRQ20_Handler 00000036

Symbol: IRQ20_Handler
   Definitions
      At line 260 in file ..\LL_Driver\Startup\startup_SWM181.s
   Uses
      At line 103 in file ..\LL_Driver\Startup\startup_SWM181.s
      At line 261 in file ..\LL_Driver\Startup\startup_SWM181.s

IRQ21_Handler 00000038

Symbol: IRQ21_Handler
   Definitions
      At line 265 in file ..\LL_Driver\Startup\startup_SWM181.s
   Uses
      At line 104 in file ..\LL_Driver\Startup\startup_SWM181.s
      At line 266 in file ..\LL_Driver\Startup\startup_SWM181.s

IRQ22_Handler 0000003A

Symbol: IRQ22_Handler
   Definitions
      At line 270 in file ..\LL_Driver\Startup\startup_SWM181.s
   Uses
      At line 105 in file ..\LL_Driver\Startup\startup_SWM181.s
      At line 271 in file ..\LL_Driver\Startup\startup_SWM181.s

IRQ23_Handler 0000003C

Symbol: IRQ23_Handler
   Definitions
      At line 275 in file ..\LL_Driver\Startup\startup_SWM181.s
   Uses
      At line 106 in file ..\LL_Driver\Startup\startup_SWM181.s
      At line 276 in file ..\LL_Driver\Startup\startup_SWM181.s

IRQ24_Handler 0000003E

Symbol: IRQ24_Handler
   Definitions
      At line 280 in file ..\LL_Driver\Startup\startup_SWM181.s
   Uses
      At line 107 in file ..\LL_Driver\Startup\startup_SWM181.s
      At line 281 in file ..\LL_Driver\Startup\startup_SWM181.s

IRQ25_Handler 00000040

Symbol: IRQ25_Handler
   Definitions
      At line 285 in file ..\LL_Driver\Startup\startup_SWM181.s
   Uses
      At line 108 in file ..\LL_Driver\Startup\startup_SWM181.s



ARM Macro Assembler    Page 4 Alphabetic symbol ordering
Relocatable symbols

      At line 286 in file ..\LL_Driver\Startup\startup_SWM181.s

IRQ26_Handler 00000042

Symbol: IRQ26_Handler
   Definitions
      At line 290 in file ..\LL_Driver\Startup\startup_SWM181.s
   Uses
      At line 109 in file ..\LL_Driver\Startup\startup_SWM181.s
      At line 291 in file ..\LL_Driver\Startup\startup_SWM181.s

IRQ27_Handler 00000044

Symbol: IRQ27_Handler
   Definitions
      At line 295 in file ..\LL_Driver\Startup\startup_SWM181.s
   Uses
      At line 110 in file ..\LL_Driver\Startup\startup_SWM181.s
      At line 296 in file ..\LL_Driver\Startup\startup_SWM181.s

IRQ28_Handler 00000048

Symbol: IRQ28_Handler
   Definitions
      At line 301 in file ..\LL_Driver\Startup\startup_SWM181.s
   Uses
      At line 111 in file ..\LL_Driver\Startup\startup_SWM181.s
      At line 302 in file ..\LL_Driver\Startup\startup_SWM181.s

IRQ29_Handler 0000004C

Symbol: IRQ29_Handler
   Definitions
      At line 307 in file ..\LL_Driver\Startup\startup_SWM181.s
   Uses
      At line 112 in file ..\LL_Driver\Startup\startup_SWM181.s
      At line 308 in file ..\LL_Driver\Startup\startup_SWM181.s

IRQ2_Handler 00000012

Symbol: IRQ2_Handler
   Definitions
      At line 170 in file ..\LL_Driver\Startup\startup_SWM181.s
   Uses
      At line 85 in file ..\LL_Driver\Startup\startup_SWM181.s
      At line 171 in file ..\LL_Driver\Startup\startup_SWM181.s

IRQ30_Handler 0000004E

Symbol: IRQ30_Handler
   Definitions
      At line 311 in file ..\LL_Driver\Startup\startup_SWM181.s
   Uses
      At line 113 in file ..\LL_Driver\Startup\startup_SWM181.s
      At line 312 in file ..\LL_Driver\Startup\startup_SWM181.s

IRQ31_Handler 00000050

Symbol: IRQ31_Handler



ARM Macro Assembler    Page 5 Alphabetic symbol ordering
Relocatable symbols

   Definitions
      At line 316 in file ..\LL_Driver\Startup\startup_SWM181.s
   Uses
      At line 114 in file ..\LL_Driver\Startup\startup_SWM181.s
      At line 317 in file ..\LL_Driver\Startup\startup_SWM181.s

IRQ3_Handler 00000014

Symbol: IRQ3_Handler
   Definitions
      At line 175 in file ..\LL_Driver\Startup\startup_SWM181.s
   Uses
      At line 86 in file ..\LL_Driver\Startup\startup_SWM181.s
      At line 176 in file ..\LL_Driver\Startup\startup_SWM181.s

IRQ4_Handler 00000016

Symbol: IRQ4_Handler
   Definitions
      At line 180 in file ..\LL_Driver\Startup\startup_SWM181.s
   Uses
      At line 87 in file ..\LL_Driver\Startup\startup_SWM181.s
      At line 181 in file ..\LL_Driver\Startup\startup_SWM181.s

IRQ5_Handler 00000018

Symbol: IRQ5_Handler
   Definitions
      At line 185 in file ..\LL_Driver\Startup\startup_SWM181.s
   Uses
      At line 88 in file ..\LL_Driver\Startup\startup_SWM181.s
      At line 186 in file ..\LL_Driver\Startup\startup_SWM181.s

IRQ6_Handler 0000001A

Symbol: IRQ6_Handler
   Definitions
      At line 190 in file ..\LL_Driver\Startup\startup_SWM181.s
   Uses
      At line 89 in file ..\LL_Driver\Startup\startup_SWM181.s
      At line 191 in file ..\LL_Driver\Startup\startup_SWM181.s

IRQ7_Handler 0000001C

Symbol: IRQ7_Handler
   Definitions
      At line 195 in file ..\LL_Driver\Startup\startup_SWM181.s
   Uses
      At line 90 in file ..\LL_Driver\Startup\startup_SWM181.s
      At line 196 in file ..\LL_Driver\Startup\startup_SWM181.s

IRQ8_Handler 0000001E

Symbol: IRQ8_Handler
   Definitions
      At line 200 in file ..\LL_Driver\Startup\startup_SWM181.s
   Uses
      At line 91 in file ..\LL_Driver\Startup\startup_SWM181.s
      At line 201 in file ..\LL_Driver\Startup\startup_SWM181.s



ARM Macro Assembler    Page 6 Alphabetic symbol ordering
Relocatable symbols


IRQ9_Handler 00000020

Symbol: IRQ9_Handler
   Definitions
      At line 205 in file ..\LL_Driver\Startup\startup_SWM181.s
   Uses
      At line 92 in file ..\LL_Driver\Startup\startup_SWM181.s
      At line 206 in file ..\LL_Driver\Startup\startup_SWM181.s

NMI_Handler 00000004

Symbol: NMI_Handler
   Definitions
      At line 135 in file ..\LL_Driver\Startup\startup_SWM181.s
   Uses
      At line 67 in file ..\LL_Driver\Startup\startup_SWM181.s
      At line 136 in file ..\LL_Driver\Startup\startup_SWM181.s

PendSV_Handler 0000000A

Symbol: PendSV_Handler
   Definitions
      At line 150 in file ..\LL_Driver\Startup\startup_SWM181.s
   Uses
      At line 79 in file ..\LL_Driver\Startup\startup_SWM181.s
      At line 151 in file ..\LL_Driver\Startup\startup_SWM181.s

Reset_Handler 00000000

Symbol: Reset_Handler
   Definitions
      At line 124 in file ..\LL_Driver\Startup\startup_SWM181.s
   Uses
      At line 66 in file ..\LL_Driver\Startup\startup_SWM181.s
      At line 125 in file ..\LL_Driver\Startup\startup_SWM181.s

SVC_Handler 00000008

Symbol: SVC_Handler
   Definitions
      At line 145 in file ..\LL_Driver\Startup\startup_SWM181.s
   Uses
      At line 76 in file ..\LL_Driver\Startup\startup_SWM181.s
      At line 146 in file ..\LL_Driver\Startup\startup_SWM181.s

SysTick_Handler 0000000C

Symbol: SysTick_Handler
   Definitions
      At line 155 in file ..\LL_Driver\Startup\startup_SWM181.s
   Uses
      At line 80 in file ..\LL_Driver\Startup\startup_SWM181.s
      At line 156 in file ..\LL_Driver\Startup\startup_SWM181.s

39 symbols



ARM Macro Assembler    Page 1 Alphabetic symbol ordering
Absolute symbols

Heap_Size 00001000

Symbol: Heap_Size
   Definitions
      At line 47 in file ..\LL_Driver\Startup\startup_SWM181.s
   Uses
      At line 51 in file ..\LL_Driver\Startup\startup_SWM181.s
Comment: Heap_Size used once
SRAM_SWITCH 00000000

Symbol: SRAM_SWITCH
   Definitions
      At line 29 in file ..\LL_Driver\Startup\startup_SWM181.s
   Uses
      At line 75 in file ..\LL_Driver\Startup\startup_SWM181.s
Comment: SRAM_SWITCH used once
Stack_Size 00000400

Symbol: Stack_Size
   Definitions
      At line 36 in file ..\LL_Driver\Startup\startup_SWM181.s
   Uses
      At line 39 in file ..\LL_Driver\Startup\startup_SWM181.s
      At line 65 in file ..\LL_Driver\Startup\startup_SWM181.s

__Vectors_Size 000000C0

Symbol: __Vectors_Size
   Definitions
      At line 118 in file ..\LL_Driver\Startup\startup_SWM181.s
   Uses
      At line 63 in file ..\LL_Driver\Startup\startup_SWM181.s
Comment: __Vectors_Size used once
4 symbols



ARM Macro Assembler    Page 1 Alphabetic symbol ordering
External symbols

__main 00000000

Symbol: __main
   Definitions
      At line 126 in file ..\LL_Driver\Startup\startup_SWM181.s
   Uses
      At line 128 in file ..\LL_Driver\Startup\startup_SWM181.s
Comment: __main used once
1 symbol
388 symbols in table
